<?xml version="1.0" encoding="UTF-8"?>
<testng-results ignored="0" total="1" passed="1" failed="0" skipped="0">
  <reporter-output>
  </reporter-output>
  <suite started-at="2022-04-13T15:48:57 IST" name="Default suite" finished-at="2022-04-13T15:49:12 IST" duration-ms="14849">
    <groups>
    </groups>
    <test started-at="2022-04-13T15:48:57 IST" name="Default test" finished-at="2022-04-13T15:49:12 IST" duration-ms="14849">
      <class name="com.RedBus.TestCases.HomePageTest">
        <test-method is-config="true" signature="SetUp()[pri:0, instance:com.RedBus.TestCases.HomePageTest@69997e9d]" started-at="2022-04-13T15:48:57 IST" name="SetUp" finished-at="2022-04-13T15:49:01 IST" duration-ms="3696" status="PASS">
          <reporter-output>
          </reporter-output>
        </test-method> <!-- SetUp -->
        <test-method signature="HomePageTest_TC001()[pri:0, instance:com.RedBus.TestCases.HomePageTest@69997e9d]" started-at="2022-04-13T15:49:01 IST" name="HomePageTest_TC001" finished-at="2022-04-13T15:49:11 IST" duration-ms="9761" status="PASS">
          <reporter-output>
          </reporter-output>
        </test-method> <!-- HomePageTest_TC001 -->
        <test-method is-config="true" signature="TearDown()[pri:0, instance:com.RedBus.TestCases.HomePageTest@69997e9d]" started-at="2022-04-13T15:49:11 IST" name="TearDown" finished-at="2022-04-13T15:49:12 IST" duration-ms="1326" status="PASS">
          <reporter-output>
          </reporter-output>
        </test-method> <!-- TearDown -->
      </class> <!-- com.RedBus.TestCases.HomePageTest -->
    </test> <!-- Default test -->
  </suite> <!-- Default suite -->
</testng-results>
